<?xml version="1.0" encoding="UTF-8"?>
<!-- Generated by org.testng.reporters.JUnitReportReporter -->
<testsuite hostname="DESKTOP-61E4RF3" failures="0" tests="1" name="Maurya.PageObjectModel" time="7.345" errors="0" timestamp="2025-02-14T13:40:02 IST" skipped="0">
  <testcase classname="Maurya.PageObjectModel" name="runner" time="7.345"/>
  <system-out/>
</testsuite> <!-- Maurya.PageObjectModel -->
