<?xml version="1.0" encoding="UTF-8"?>
<!-- Generated by org.testng.reporters.JUnitReportReporter -->
<testsuite hostname="DESKTOP-61E4RF3" failures="0" tests="3" name="harshitha.MultitestDependsonmethod" time="0.029" errors="0" timestamp="2025-02-10T13:36:13 IST" skipped="0">
  <testcase classname="harshitha.MultitestDependsonmethod" name="integration" time="0.002"/>
  <system-out/>
  <testcase classname="harshitha.MultitestDependsonmethod" name="smoke" time="0.024"/>
  <system-out/>
  <testcase classname="harshitha.MultitestDependsonmethod" name="fun" time="0.003"/>
  <system-out/>
</testsuite> <!-- harshitha.MultitestDependsonmethod -->
