<?xml version="1.0" encoding="UTF-8"?>
<!-- Generated by org.testng.reporters.JUnitReportReporter -->
<testsuite hostname="DESKTOP-61E4RF3" failures="0" tests="6" name="harshitha.Multitest" time="0.065" errors="0" timestamp="2025-02-10T13:16:25 IST" skipped="0">
  <testcase classname="harshitha.Multitest" name="smoke" time="0.005"/>
  <system-out/>
  <testcase classname="harshitha.Multitest" name="smoke" time="0.044"/>
  <system-out/>
  <testcase classname="harshitha.Multitest" name="fun" time="0.004"/>
  <system-out/>
  <testcase classname="harshitha.Multitest" name="fun" time="0.003"/>
  <system-out/>
  <testcase classname="harshitha.Multitest" name="integration" time="0.004"/>
  <system-out/>
  <testcase classname="harshitha.Multitest" name="integration" time="0.005"/>
  <system-out/>
</testsuite> <!-- harshitha.Multitest -->
