<?xml version="1.0" encoding="UTF-8"?>
<!-- Generated by org.testng.reporters.JUnitReportReporter -->
<testsuite hostname="DESKTOP-61E4RF3" failures="0" tests="1" name="Maurya.Assertion" time="2.658" errors="0" timestamp="2025-02-15T17:23:59 IST" skipped="0">
  <testcase classname="Maurya.Assertion" name="run" time="2.658"/>
  <system-out/>
</testsuite> <!-- Maurya.Assertion -->
