<?xml version="1.0" encoding="UTF-8"?>
<!-- Generated by org.testng.reporters.JUnitReportReporter -->
<testsuite hostname="DESKTOP-61E4RF3" failures="0" tests="1" name="runner.DemoFBLogin" time="14.244" errors="0" timestamp="2025-02-11T14:10:52 IST" skipped="0">
  <testcase classname="runner.DemoFBLogin" name="loginagain" time="14.244"/>
  <system-out/>
</testsuite> <!-- runner.DemoFBLogin -->
