<?xml version="1.0" encoding="UTF-8"?>
<!-- Generated by org.testng.reporters.JUnitReportReporter -->
<testsuite hostname="DESKTOP-61E4RF3" failures="0" tests="2" name="Groups.Exclusion" time="0.016" errors="0" timestamp="2024-11-24T11:12:47 IST" skipped="0">
  <testcase classname="Groups.Exclusion" name="E2ETcHomePage" time="0.014"/>
  <system-out/>
  <testcase classname="Groups.Exclusion" name="FunctionalTcHomePage" time="0.002"/>
  <system-out/>
</testsuite> <!-- Groups.Exclusion -->
