<?xml version="1.0" encoding="UTF-8"?>
<!-- Generated by org.testng.reporters.JUnitReportReporter -->
<testsuite hostname="DESKTOP-61E4RF3" failures="0" tests="1" name="basicsOfTestNG.Script01" time="0.003" errors="0" timestamp="2024-11-16T12:11:32 IST" skipped="0">
  <testcase classname="basicsOfTestNG.Script01" name="test1" time="0.003"/>
  <system-out>
    <![CDATA[Hello]]>
  </system-out>
</testsuite> <!-- basicsOfTestNG.Script01 -->
