<?xml version="1.0" encoding="UTF-8"?>
<!-- Generated by org.testng.reporters.JUnitReportReporter -->
<testsuite hostname="DESKTOP-61E4RF3" failures="0" tests="1" name="DDT.ReadTheDataFromEcxel" time="0.641" errors="0" timestamp="2024-11-24T12:40:29 IST" skipped="0">
  <testcase classname="DDT.ReadTheDataFromEcxel" name="ReadData" time="0.641"/>
  <system-out/>
</testsuite> <!-- DDT.ReadTheDataFromEcxel -->
