<?xml version="1.0" encoding="UTF-8"?>
<!-- Generated by org.testng.reporters.JUnitReportReporter -->
<testsuite hostname="DESKTOP-61E4RF3" failures="0" tests="2" name="basicsOfTestNG.Script02" time="0.026" errors="0" timestamp="2024-11-16T12:11:32 IST" skipped="0">
  <testcase classname="basicsOfTestNG.Script02" name="test1" time="0.024"/>
  <system-out>
    <![CDATA[Hello]]>
  </system-out>
  <testcase classname="basicsOfTestNG.Script02" name="test2" time="0.002"/>
  <system-out>
    <![CDATA[Hello]]>
  </system-out>
</testsuite> <!-- basicsOfTestNG.Script02 -->
