<?xml version="1.0" encoding="UTF-8"?>
<!-- Generated by org.testng.reporters.JUnitReportReporter -->
<testsuite hostname="DESKTOP-61E4RF3" failures="0" tests="4" name="Keywords.InvocationCount" time="0.024" errors="0" timestamp="2024-11-27T12:18:15 IST" skipped="0">
  <testcase classname="Keywords.InvocationCount" name="page" time="0.018"/>
  <system-out>
    <![CDATA[zoo]]>
  </system-out>
  <testcase classname="Keywords.InvocationCount" name="signup" time="0.002"/>
  <system-out>
    <![CDATA[Hello]]>
  </system-out>
  <testcase classname="Keywords.InvocationCount" name="signup" time="0.001"/>
  <system-out>
    <![CDATA[Hello]]>
  </system-out>
  <testcase classname="Keywords.InvocationCount" name="login" time="0.003"/>
  <system-out>
    <![CDATA[Hey]]>
  </system-out>
</testsuite> <!-- Keywords.InvocationCount -->
