<?xml version="1.0" encoding="UTF-8"?>
<!-- Generated by org.testng.reporters.JUnitReportReporter -->
<testsuite hostname="DESKTOP-61E4RF3" failures="0" tests="2" name="ParallelExecutionInTestNG.RunInMultipleBrowserParallely" time="9.436" errors="0" timestamp="2024-11-30T13:08:25 IST" skipped="0">
  <testcase classname="ParallelExecutionInTestNG.RunInMultipleBrowserParallely" name="BrowserSetup" time="3.015"/>
  <system-out/>
  <testcase classname="ParallelExecutionInTestNG.RunInMultipleBrowserParallely" name="BrowserSetup" time="6.421"/>
  <system-out/>
</testsuite> <!-- ParallelExecutionInTestNG.RunInMultipleBrowserParallely -->
