<?xml version="1.0" encoding="UTF-8"?>
<!-- Generated by org.testng.reporters.JUnitReportReporter -->
<testsuite hostname="DESKTOP-61E4RF3" failures="0" tests="3" name="Keywords.Priority" time="0.021" errors="0" timestamp="2024-11-27T12:10:43 IST" skipped="0">
  <testcase classname="Keywords.Priority" name="signup" time="0.017"/>
  <system-out>
    <![CDATA[Hello]]>
  </system-out>
  <testcase classname="Keywords.Priority" name="Homepage" time="0.002"/>
  <system-out>
    <![CDATA[zing]]>
  </system-out>
  <testcase classname="Keywords.Priority" name="login" time="0.002"/>
  <system-out>
    <![CDATA[Hey]]>
  </system-out>
</testsuite> <!-- Keywords.Priority -->
